<?xml version="1.0" encoding="UTF-8"?>
<testng-results ignored="0" total="2" passed="2" failed="0" skipped="0">
  <reporter-output>
  </reporter-output>
  <suite started-at="2024-11-19T12:17:14 IST" name="Default suite" finished-at="2024-11-19T12:17:16 IST" duration-ms="1889">
    <groups>
    </groups>
    <test started-at="2024-11-19T12:17:14 IST" name="Default test" finished-at="2024-11-19T12:17:16 IST" duration-ms="1889">
      <class name="excelDataDriven.DataManagementFinalVersion">
        <test-method signature="f(java.util.Hashtable)[pri:0, instance:excelDataDriven.DataManagementFinalVersion@1de76cc7]" started-at="2024-11-19T12:17:16 IST" name="f" data-provider="getData" finished-at="2024-11-19T12:17:16 IST" duration-ms="13" status="PASS">
          <params>
            <param index="0">
              <value>
                <![CDATA[{ExpectedResult=LoginSuccuss, RunMode=Y, UserPassword=ravi2021, UserName=ravilella.2015@gmail.com, Browser=chrome}]]>
              </value>
            </param>
          </params>
          <reporter-output>
          </reporter-output>
        </test-method> <!-- f -->
        <test-method signature="f(java.util.Hashtable)[pri:0, instance:excelDataDriven.DataManagementFinalVersion@1de76cc7]" started-at="2024-11-19T12:17:16 IST" name="f" data-provider="getData" finished-at="2024-11-19T12:17:16 IST" duration-ms="3" status="PASS">
          <params>
            <param index="0">
              <value>
                <![CDATA[{ExpectedResult=LoginSuccuss, RunMode=N, UserPassword=password2, UserName=user2, Browser=firefox}]]>
              </value>
            </param>
          </params>
          <reporter-output>
          </reporter-output>
        </test-method> <!-- f -->
      </class> <!-- excelDataDriven.DataManagementFinalVersion -->
    </test> <!-- Default test -->
  </suite> <!-- Default suite -->
</testng-results>
