<?xml version="1.0" encoding="UTF-8"?>
<testng-results ignored="0" total="2" passed="2" failed="0" skipped="0">
  <reporter-output>
  </reporter-output>
  <suite started-at="2024-11-12T12:46:59 IST" name="Default suite" finished-at="2024-11-12T12:46:59 IST" duration-ms="114">
    <groups>
    </groups>
    <test started-at="2024-11-12T12:46:59 IST" name="Default test" finished-at="2024-11-12T12:46:59 IST" duration-ms="114">
      <class name="testNGpack.OneTestOutputAsInput">
        <test-method signature="a(org.testng.ITestContext)[pri:1, instance:testNGpack.OneTestOutputAsInput@5acf93bb]" started-at="2024-11-12T12:46:59 IST" name="a" finished-at="2024-11-12T12:46:59 IST" duration-ms="21" status="PASS">
          <params>
            <param index="0">
              <value>
                <![CDATA[org.testng.TestRunner@3f4faf53]]>
              </value>
            </param>
          </params>
          <reporter-output>
          </reporter-output>
        </test-method> <!-- a -->
        <test-method signature="b(org.testng.ITestContext)[pri:2, instance:testNGpack.OneTestOutputAsInput@5acf93bb]" started-at="2024-11-12T12:46:59 IST" name="b" finished-at="2024-11-12T12:46:59 IST" duration-ms="5" status="PASS">
          <params>
            <param index="0">
              <value>
                <![CDATA[org.testng.TestRunner@3f4faf53]]>
              </value>
            </param>
          </params>
          <reporter-output>
          </reporter-output>
        </test-method> <!-- b -->
      </class> <!-- testNGpack.OneTestOutputAsInput -->
    </test> <!-- Default test -->
  </suite> <!-- Default suite -->
</testng-results>
