<?xml version="1.0" encoding="UTF-8"?>
<testng-results ignored="0" total="8" passed="8" failed="0" skipped="0">
  <reporter-output>
    <line>
      <![CDATA[Clicked on Image Link]]>
    </line>
    <line>
      <![CDATA[Clicked on Image Link]]>
    </line>
  </reporter-output>
  <suite started-at="2024-11-08T12:36:37 IST" name="TestNGSuite" finished-at="2024-11-08T12:38:09 IST" duration-ms="91838">
    <groups>
    </groups>
    <test started-at="2024-11-08T12:36:37 IST" name="chromeTest" finished-at="2024-11-08T12:37:14 IST" duration-ms="36279">
      <class name="testNGpack.LinksTesting1">
        <test-method is-config="true" signature="setup(java.lang.String)[pri:0, instance:testNGpack.LinksTesting1@3e11f9e9]" started-at="2024-11-08T12:36:37 IST" name="setup" finished-at="2024-11-08T12:36:47 IST" duration-ms="9307" status="PASS">
          <params>
            <param index="0">
              <value>
                <![CDATA[chrome]]>
              </value>
            </param>
          </params>
          <reporter-output>
          </reporter-output>
        </test-method> <!-- setup -->
        <test-method signature="linktesting1()[pri:0, instance:testNGpack.LinksTesting1@3e11f9e9]" started-at="2024-11-08T12:36:47 IST" name="linktesting1" finished-at="2024-11-08T12:36:48 IST" duration-ms="1185" status="PASS">
          <reporter-output>
            <line>
              <![CDATA[Clicked on Image Link]]>
            </line>
          </reporter-output>
        </test-method> <!-- linktesting1 -->
        <test-method is-config="true" signature="tearDown()[pri:0, instance:testNGpack.LinksTesting1@3e11f9e9]" started-at="2024-11-08T12:36:48 IST" name="tearDown" finished-at="2024-11-08T12:36:49 IST" duration-ms="1208" status="PASS">
          <reporter-output>
          </reporter-output>
        </test-method> <!-- tearDown -->
      </class> <!-- testNGpack.LinksTesting1 -->
      <class name="testNGpack.CheckBox1">
        <test-method is-config="true" signature="beforeMethod(java.lang.String)[pri:0, instance:testNGpack.CheckBox1@a38c7fe]" started-at="2024-11-08T12:37:06 IST" name="beforeMethod" finished-at="2024-11-08T12:37:13 IST" duration-ms="6710" status="PASS">
          <params>
            <param index="0">
              <value>
                <![CDATA[chrome]]>
              </value>
            </param>
          </params>
          <reporter-output>
          </reporter-output>
        </test-method> <!-- beforeMethod -->
        <test-method signature="checkboxTest()[pri:0, instance:testNGpack.CheckBox1@a38c7fe]" started-at="2024-11-08T12:37:13 IST" name="checkboxTest" finished-at="2024-11-08T12:37:13 IST" duration-ms="279" status="PASS">
          <reporter-output>
          </reporter-output>
        </test-method> <!-- checkboxTest -->
        <test-method is-config="true" signature="afterMethod()[pri:0, instance:testNGpack.CheckBox1@a38c7fe]" started-at="2024-11-08T12:37:13 IST" name="afterMethod" finished-at="2024-11-08T12:37:14 IST" duration-ms="603" status="PASS">
          <reporter-output>
          </reporter-output>
        </test-method> <!-- afterMethod -->
      </class> <!-- testNGpack.CheckBox1 -->
      <class name="testNGpack.TNG_002">
        <test-method is-config="true" signature="startProcess(java.lang.String)[pri:0, instance:testNGpack.TNG_002@4d5650ae]" started-at="2024-11-08T12:36:57 IST" name="startProcess" finished-at="2024-11-08T12:37:02 IST" duration-ms="4485" status="PASS">
          <params>
            <param index="0">
              <value>
                <![CDATA[chrome]]>
              </value>
            </param>
          </params>
          <reporter-output>
          </reporter-output>
        </test-method> <!-- startProcess -->
        <test-method signature="amazonTest()[pri:0, instance:testNGpack.TNG_002@4d5650ae]" started-at="2024-11-08T12:37:02 IST" name="amazonTest" finished-at="2024-11-08T12:37:04 IST" duration-ms="2222" status="PASS">
          <reporter-output>
          </reporter-output>
        </test-method> <!-- amazonTest -->
        <test-method is-config="true" signature="endProcess()[pri:0, instance:testNGpack.TNG_002@4d5650ae]" started-at="2024-11-08T12:37:04 IST" name="endProcess" finished-at="2024-11-08T12:37:06 IST" duration-ms="1893" status="PASS">
          <reporter-output>
          </reporter-output>
        </test-method> <!-- endProcess -->
      </class> <!-- testNGpack.TNG_002 -->
      <class name="testNGpack.RadioButton1">
        <test-method is-config="true" signature="beforeMethod(java.lang.String)[pri:0, instance:testNGpack.RadioButton1@70e9c95d]" started-at="2024-11-08T12:36:49 IST" name="beforeMethod" finished-at="2024-11-08T12:36:56 IST" duration-ms="7246" status="PASS">
          <params>
            <param index="0">
              <value>
                <![CDATA[chrome]]>
              </value>
            </param>
          </params>
          <reporter-output>
          </reporter-output>
        </test-method> <!-- beforeMethod -->
        <test-method signature="radioButtonTest()[pri:0, instance:testNGpack.RadioButton1@70e9c95d]" started-at="2024-11-08T12:36:56 IST" name="radioButtonTest" finished-at="2024-11-08T12:36:57 IST" duration-ms="271" status="PASS">
          <reporter-output>
          </reporter-output>
        </test-method> <!-- radioButtonTest -->
        <test-method is-config="true" signature="afterMethod()[pri:0, instance:testNGpack.RadioButton1@70e9c95d]" started-at="2024-11-08T12:36:57 IST" name="afterMethod" finished-at="2024-11-08T12:36:57 IST" duration-ms="746" status="PASS">
          <reporter-output>
          </reporter-output>
        </test-method> <!-- afterMethod -->
      </class> <!-- testNGpack.RadioButton1 -->
    </test> <!-- chromeTest -->
    <test started-at="2024-11-08T12:37:14 IST" name="FirefoxTest" finished-at="2024-11-08T12:38:09 IST" duration-ms="55537">
      <class name="testNGpack.LinksTesting1">
        <test-method is-config="true" signature="setup(java.lang.String)[pri:0, instance:testNGpack.LinksTesting1@6e6f2380]" started-at="2024-11-08T12:37:14 IST" name="setup" finished-at="2024-11-08T12:37:22 IST" duration-ms="8807" status="PASS">
          <params>
            <param index="0">
              <value>
                <![CDATA[firefox]]>
              </value>
            </param>
          </params>
          <reporter-output>
          </reporter-output>
        </test-method> <!-- setup -->
        <test-method signature="linktesting1()[pri:0, instance:testNGpack.LinksTesting1@6e6f2380]" started-at="2024-11-08T12:37:22 IST" name="linktesting1" finished-at="2024-11-08T12:37:24 IST" duration-ms="1308" status="PASS">
          <reporter-output>
            <line>
              <![CDATA[Clicked on Image Link]]>
            </line>
          </reporter-output>
        </test-method> <!-- linktesting1 -->
        <test-method is-config="true" signature="tearDown()[pri:0, instance:testNGpack.LinksTesting1@6e6f2380]" started-at="2024-11-08T12:37:24 IST" name="tearDown" finished-at="2024-11-08T12:37:26 IST" duration-ms="1884" status="PASS">
          <reporter-output>
          </reporter-output>
        </test-method> <!-- tearDown -->
      </class> <!-- testNGpack.LinksTesting1 -->
      <class name="testNGpack.CheckBox1">
        <test-method is-config="true" signature="beforeMethod(java.lang.String)[pri:0, instance:testNGpack.CheckBox1@1530c739]" started-at="2024-11-08T12:37:55 IST" name="beforeMethod" finished-at="2024-11-08T12:38:06 IST" duration-ms="10889" status="PASS">
          <params>
            <param index="0">
              <value>
                <![CDATA[firefox]]>
              </value>
            </param>
          </params>
          <reporter-output>
          </reporter-output>
        </test-method> <!-- beforeMethod -->
        <test-method signature="checkboxTest()[pri:0, instance:testNGpack.CheckBox1@1530c739]" started-at="2024-11-08T12:38:06 IST" name="checkboxTest" finished-at="2024-11-08T12:38:07 IST" duration-ms="379" status="PASS">
          <reporter-output>
          </reporter-output>
        </test-method> <!-- checkboxTest -->
        <test-method is-config="true" signature="afterMethod()[pri:0, instance:testNGpack.CheckBox1@1530c739]" started-at="2024-11-08T12:38:07 IST" name="afterMethod" finished-at="2024-11-08T12:38:09 IST" duration-ms="2478" status="PASS">
          <reporter-output>
          </reporter-output>
        </test-method> <!-- afterMethod -->
      </class> <!-- testNGpack.CheckBox1 -->
      <class name="testNGpack.TNG_002">
        <test-method is-config="true" signature="startProcess(java.lang.String)[pri:0, instance:testNGpack.TNG_002@2e8c1c9b]" started-at="2024-11-08T12:37:39 IST" name="startProcess" finished-at="2024-11-08T12:37:48 IST" duration-ms="9398" status="PASS">
          <params>
            <param index="0">
              <value>
                <![CDATA[firefox]]>
              </value>
            </param>
          </params>
          <reporter-output>
          </reporter-output>
        </test-method> <!-- startProcess -->
        <test-method signature="amazonTest()[pri:0, instance:testNGpack.TNG_002@2e8c1c9b]" started-at="2024-11-08T12:37:48 IST" name="amazonTest" finished-at="2024-11-08T12:37:52 IST" duration-ms="3852" status="PASS">
          <reporter-output>
          </reporter-output>
        </test-method> <!-- amazonTest -->
        <test-method is-config="true" signature="endProcess()[pri:0, instance:testNGpack.TNG_002@2e8c1c9b]" started-at="2024-11-08T12:37:52 IST" name="endProcess" finished-at="2024-11-08T12:37:55 IST" duration-ms="3037" status="PASS">
          <reporter-output>
          </reporter-output>
        </test-method> <!-- endProcess -->
      </class> <!-- testNGpack.TNG_002 -->
      <class name="testNGpack.RadioButton1">
        <test-method is-config="true" signature="beforeMethod(java.lang.String)[pri:0, instance:testNGpack.RadioButton1@76a4ebf2]" started-at="2024-11-08T12:37:26 IST" name="beforeMethod" finished-at="2024-11-08T12:37:37 IST" duration-ms="11257" status="PASS">
          <params>
            <param index="0">
              <value>
                <![CDATA[firefox]]>
              </value>
            </param>
          </params>
          <reporter-output>
          </reporter-output>
        </test-method> <!-- beforeMethod -->
        <test-method signature="radioButtonTest()[pri:0, instance:testNGpack.RadioButton1@76a4ebf2]" started-at="2024-11-08T12:37:37 IST" name="radioButtonTest" finished-at="2024-11-08T12:37:37 IST" duration-ms="206" status="PASS">
          <reporter-output>
          </reporter-output>
        </test-method> <!-- radioButtonTest -->
        <test-method is-config="true" signature="afterMethod()[pri:0, instance:testNGpack.RadioButton1@76a4ebf2]" started-at="2024-11-08T12:37:37 IST" name="afterMethod" finished-at="2024-11-08T12:37:39 IST" duration-ms="2011" status="PASS">
          <reporter-output>
          </reporter-output>
        </test-method> <!-- afterMethod -->
      </class> <!-- testNGpack.RadioButton1 -->
    </test> <!-- FirefoxTest -->
  </suite> <!-- TestNGSuite -->
</testng-results>
