<?xml version="1.0" encoding="UTF-8"?>
<testng-results ignored="0" total="3" passed="3" failed="0" skipped="0">
  <reporter-output>
  </reporter-output>
  <suite started-at="2024-11-15T12:29:52 IST" name="Default suite" finished-at="2024-11-15T12:29:52 IST" duration-ms="143">
    <groups>
    </groups>
    <test started-at="2024-11-15T12:29:52 IST" name="Default test" finished-at="2024-11-15T12:29:52 IST" duration-ms="143">
      <class name="testNGDataProviderpack.UserClass">
        <test-method signature="f([Ljava.lang.Object;)[pri:0, instance:testNGDataProviderpack.UserClass@5acf93bb]" started-at="2024-11-15T12:29:52 IST" name="f" data-provider="testData" finished-at="2024-11-15T12:29:52 IST" duration-ms="19" status="PASS">
          <params>
            <param index="0">
              <value>
                <![CDATA[[Ljava.lang.Object;@5276d6ee]]>
              </value>
            </param>
          </params>
          <reporter-output>
          </reporter-output>
        </test-method> <!-- f -->
        <test-method signature="f([Ljava.lang.Object;)[pri:0, instance:testNGDataProviderpack.UserClass@5acf93bb]" started-at="2024-11-15T12:29:52 IST" name="f" data-provider="testData" finished-at="2024-11-15T12:29:52 IST" duration-ms="9" status="PASS">
          <params>
            <param index="0">
              <value>
                <![CDATA[[Ljava.lang.Object;@71687585]]>
              </value>
            </param>
          </params>
          <reporter-output>
          </reporter-output>
        </test-method> <!-- f -->
        <test-method signature="f([Ljava.lang.Object;)[pri:0, instance:testNGDataProviderpack.UserClass@5acf93bb]" started-at="2024-11-15T12:29:52 IST" name="f" data-provider="testData" finished-at="2024-11-15T12:29:52 IST" duration-ms="7" status="PASS">
          <params>
            <param index="0">
              <value>
                <![CDATA[[Ljava.lang.Object;@1807f5a7]]>
              </value>
            </param>
          </params>
          <reporter-output>
          </reporter-output>
        </test-method> <!-- f -->
      </class> <!-- testNGDataProviderpack.UserClass -->
    </test> <!-- Default test -->
  </suite> <!-- Default suite -->
</testng-results>
