<?xml version="1.0" encoding="UTF-8"?>
<!-- Generated by org.testng.reporters.JUnitXMLReporter -->
<testsuite ignored="2" hostname="DESKTOP-AU847K4" failures="0" tests="2" name="LoginTest" time="0.023" errors="0" timestamp="2024-11-12T12:13:59 IST">
  <testcase classname="registerpack.CustomerLogin" name="loginwithValidCredientials" time="0.003"/>
  <testcase classname="registerpack.CustomerLogin" name="loginwithInvalidValidUser" time="0.003"/>
  <testcase classname="registerpack.CustomerLogin" name="loginwithInvalidPassword" time="0.0">
    <ignored/>
  </testcase> <!-- loginwithInvalidPassword -->
  <testcase classname="registerpack.CustomerLogin" name="loginwithBlankCredientials" time="0.0">
    <ignored/>
  </testcase> <!-- loginwithBlankCredientials -->
</testsuite> <!-- LoginTest -->
