<?xml version="1.0" encoding="UTF-8"?>
<!-- Generated by org.testng.reporters.JUnitXMLReporter -->
<testsuite ignored="0" hostname="DESKTOP-AU847K4" failures="0" tests="4" name="LoginTest" time="0.068" errors="0" timestamp="2024-11-14T12:07:53 IST">
  <testcase classname="registerpack.CustomerLogin" name="loginwithBlankCredientials" time="0.004"/>
  <testcase classname="registerpack.CustomerLogin" name="loginwithInvalidPassword" time="0.009"/>
  <testcase classname="registerpack.CustomerLogin" name="loginwithInvalidValidUser" time="0.011"/>
  <testcase classname="registerpack.CustomerLogin" name="loginwithValidCredientials" time="0.007"/>
</testsuite> <!-- LoginTest -->
