<?xml version="1.0" encoding="UTF-8"?>
<!-- Generated by org.testng.reporters.JUnitXMLReporter -->
<testsuite ignored="2" hostname="DESKTOP-AU847K4" failures="0" tests="2" name="RegisterTest" time="0.099" errors="0" timestamp="2024-11-12T12:13:59 IST">
  <testcase classname="registerpack.CustomerRegistration" name="registerwithMandatfields" time="0.019"/>
  <testcase classname="registerpack.CustomerRegistration" name="registerwithallfields" time="0.006"/>
  <testcase classname="registerpack.CustomerRegistration" name="registerwithValidEmail" time="0.0">
    <ignored/>
  </testcase> <!-- registerwithValidEmail -->
  <testcase classname="registerpack.CustomerRegistration" name="registerwithDuplicateEmail" time="0.0">
    <ignored/>
  </testcase> <!-- registerwithDuplicateEmail -->
</testsuite> <!-- RegisterTest -->
