<?xml version="1.0" encoding="UTF-8"?>
<!-- Generated by org.testng.reporters.JUnitXMLReporter -->
<testsuite ignored="0" hostname="DESKTOP-AU847K4" failures="2" tests="10" name="RegistrationTest" time="4.344" errors="0" timestamp="2024-11-15T11:32:12 IST">
  <testcase classname="registerpack.CustomerRegistration" name="registerwithMandatfields" time="0.018"/>
  <testcase classname="registerpack.CustomerRegistration" name="registerwithallfields" time="0.008">
    <skipped/>
  </testcase> <!-- registerwithallfields -->
  <testcase classname="registerpack.CustomerRegistration" name="registerwithallfields" time="0.004">
    <skipped/>
  </testcase> <!-- registerwithallfields -->
  <testcase classname="registerpack.CustomerRegistration" name="registerwithallfields" time="0.008">
    <skipped/>
  </testcase> <!-- registerwithallfields -->
  <testcase classname="registerpack.CustomerRegistration" name="registerwithallfields" time="0.029">
    <failure type="java.lang.AssertionError" message="registerwithallfields has failed">
      <![CDATA[java.lang.AssertionError: registerwithallfields has failed
at registerpack.CustomerRegistration.registerwithallfields(CustomerRegistration.java:28)
at java.base/java.util.ArrayList.forEach(ArrayList.java:1511)
... Removed 28 stack frames]]>
    </failure>
  </testcase> <!-- registerwithallfields -->
  <testcase classname="registerpack.CustomerRegistration" name="registerwithDuplicateEmail" time="1.022">
    <skipped/>
  </testcase> <!-- registerwithDuplicateEmail -->
  <testcase classname="registerpack.CustomerRegistration" name="registerwithDuplicateEmail" time="1.007">
    <skipped/>
  </testcase> <!-- registerwithDuplicateEmail -->
  <testcase classname="registerpack.CustomerRegistration" name="registerwithDuplicateEmail" time="1.019">
    <skipped/>
  </testcase> <!-- registerwithDuplicateEmail -->
  <testcase classname="registerpack.CustomerRegistration" name="registerwithDuplicateEmail" time="1.003">
    <failure type="org.testng.internal.thread.ThreadTimeoutException" message="Method registerpack.CustomerRegistration.registerwithDuplicateEmail() didn&amp;apos;t finish within the time-out 1000">
      <![CDATA[org.testng.internal.thread.ThreadTimeoutException: Method registerpack.CustomerRegistration.registerwithDuplicateEmail() didn't finish within the time-out 1000
at java.base/java.util.ArrayList.forEach(ArrayList.java:1511)
... Removed 24 stack frames]]>
    </failure>
  </testcase> <!-- registerwithDuplicateEmail -->
  <testcase classname="registerpack.CustomerRegistration" name="registerwithValidEmail" time="0.0">
    <skipped/>
  </testcase> <!-- registerwithValidEmail -->
</testsuite> <!-- RegistrationTest -->
