<?xml version="1.0" encoding="UTF-8"?>
<!-- Generated by org.testng.reporters.JUnitXMLReporter -->
<testsuite ignored="1" hostname="DESKTOP-AU847K4" failures="0" tests="1" name="SearchTest" time="0.016" errors="0" timestamp="2024-11-12T12:13:59 IST">
  <testcase classname="registerpack.SearchOperarions" name="searchforaValidProduct" time="0.003"/>
  <testcase classname="registerpack.SearchOperarions" name="searchwithNoProduct" time="0.0">
    <ignored/>
  </testcase> <!-- searchwithNoProduct -->
</testsuite> <!-- SearchTest -->
