<?xml version="1.0" encoding="UTF-8"?>
<!-- Generated by org.testng.reporters.JUnitXMLReporter -->
<testsuite ignored="0" hostname="DESKTOP-AU847K4" failures="0" tests="8" name="Test1" time="0.227" errors="0" timestamp="2024-11-12T11:23:47 IST">
  <testcase classname="registerpack.CustomerLogin" name="loginwithBlankCredientials" time="0.018"/>
  <testcase classname="registerpack.CustomerLogin" name="loginwithInvalidPassword" time="0.005"/>
  <testcase classname="registerpack.CustomerLogin" name="loginwithInvalidValidUser" time="0.006"/>
  <testcase classname="registerpack.CustomerLogin" name="loginwithValidCredientials" time="0.005"/>
  <testcase classname="registerpack.CustomerRegistration" name="registerwithDuplicateEmail" time="0.021"/>
  <testcase classname="registerpack.CustomerRegistration" name="registerwithMandatfields" time="0.012"/>
  <testcase classname="registerpack.CustomerRegistration" name="registerwithValidEmail" time="0.007"/>
  <testcase classname="registerpack.CustomerRegistration" name="registerwithallfields" time="0.003"/>
</testsuite> <!-- Test1 -->
