<?xml version="1.0" encoding="UTF-8"?>
<!-- Generated by org.testng.reporters.JUnitXMLReporter -->
<testsuite ignored="5" hostname="DESKTOP-AU847K4" failures="0" tests="5" name="Test" time="0.164" errors="0" timestamp="2024-11-12T12:32:53 IST">
  <testcase classname="registerpack.CustomerRegistration" name="registerwithMandatfields" time="0.021"/>
  <testcase classname="registerpack.CustomerRegistration" name="registerwithallfields" time="0.002"/>
  <testcase classname="registerpack.CustomerLogin" name="loginwithInvalidValidUser" time="0.005"/>
  <testcase classname="registerpack.CustomerLogin" name="loginwithValidCredientials" time="0.002"/>
  <testcase classname="registerpack.SearchOperarions" name="searchforaValidProduct" time="0.003"/>
  <testcase classname="registerpack.CustomerRegistration" name="registerwithValidEmail" time="0.0">
    <ignored/>
  </testcase> <!-- registerwithValidEmail -->
  <testcase classname="registerpack.CustomerLogin" name="loginwithInvalidPassword" time="0.0">
    <ignored/>
  </testcase> <!-- loginwithInvalidPassword -->
  <testcase classname="registerpack.CustomerRegistration" name="registerwithDuplicateEmail" time="0.0">
    <ignored/>
  </testcase> <!-- registerwithDuplicateEmail -->
  <testcase classname="registerpack.SearchOperarions" name="searchwithNoProduct" time="0.0">
    <ignored/>
  </testcase> <!-- searchwithNoProduct -->
  <testcase classname="registerpack.CustomerLogin" name="loginwithBlankCredientials" time="0.0">
    <ignored/>
  </testcase> <!-- loginwithBlankCredientials -->
</testsuite> <!-- Test -->
