<?xml version="1.0" encoding="UTF-8"?>
<!-- Generated by org.testng.reporters.JUnitXMLReporter -->
<testsuite ignored="0" hostname="DESKTOP-AU847K4" failures="0" tests="10" name="Test" time="0.165" errors="0" timestamp="2024-11-09T12:43:20 IST">
  <testcase classname="registerpack.CustomerRegistration" name="registerwithallfields" time="0.026"/>
  <testcase classname="registerpack.CustomerLogin" name="loginwithValidCredientials" time="0.038"/>
  <testcase classname="registerpack.CustomerRegistration" name="registerwithDuplicateEmail" time="0.034"/>
  <testcase classname="registerpack.CustomerLogin" name="loginwithInvalidPassword" time="0.03"/>
  <testcase classname="registerpack.CustomerRegistration" name="registerwithValidEmail" time="0.034"/>
  <testcase classname="registerpack.SearchOperarions" name="searchforaValidProduct" time="0.029"/>
  <testcase classname="registerpack.CustomerLogin" name="loginwithInvalidValidUser" time="0.05"/>
  <testcase classname="registerpack.CustomerRegistration" name="registerwithMandatfields" time="0.055"/>
  <testcase classname="registerpack.SearchOperarions" name="searchwithNoProduct" time="0.068"/>
  <testcase classname="registerpack.CustomerLogin" name="loginwithBlankCredientials" time="0.07"/>
</testsuite> <!-- Test -->
