<?xml version="1.0" encoding="UTF-8"?>
<!-- Generated by org.testng.reporters.JUnitXMLReporter -->
<testsuite ignored="0" hostname="DESKTOP-AU847K4" failures="0" tests="3" name="Default test" time="0.143" errors="0" timestamp="2024-11-15T12:29:52 IST">
  <testcase classname="testNGDataProviderpack.UserClass" name="f" time="0.019"/>
  <testcase classname="testNGDataProviderpack.UserClass" name="f" time="0.009"/>
  <testcase classname="testNGDataProviderpack.UserClass" name="f" time="0.007"/>
</testsuite> <!-- Default test -->
