<?xml version="1.0" encoding="UTF-8"?>
<!-- Generated by org.testng.reporters.JUnitXMLReporter -->
<testsuite ignored="1" hostname="DESKTOP-AU847K4" failures="0" tests="2" name="Default test" time="0.175" errors="0" timestamp="2024-11-07T12:37:00 IST">
  <testcase classname="testNGpack.TNG_001" name="f" time="0.022"/>
  <testcase classname="testNGpack.TNG_001" name="a" time="0.007"/>
  <testcase classname="testNGpack.TNG_001" name="z" time="0.0">
    <ignored/>
  </testcase> <!-- z -->
</testsuite> <!-- Default test -->
