<?xml version="1.0" encoding="UTF-8"?>
<!-- Generated by org.testng.reporters.JUnitXMLReporter -->
<testsuite ignored="0" hostname="DESKTOP-AU847K4" failures="0" tests="3" name="AutomationTest" time="31.562" errors="0" timestamp="2024-12-23T06:36:40 IST">
  <testcase classname="testNGpack.TNG_002" name="amazonTest" time="18.156"/>
  <testcase classname="testNGpack.TNG_002" name="amazonTest1" time="0.006"/>
  <testcase classname="testNGpack.TNG_002" name="amazonTest2" time="0.004"/>
</testsuite> <!-- AutomationTest -->
