<?xml version="1.0" encoding="UTF-8"?>
<!-- Generated by org.testng.reporters.JUnitXMLReporter -->
<testsuite ignored="0" hostname="DESKTOP-AU847K4" failures="0" tests="4" name="chromeTest" time="36.279" errors="0" timestamp="2024-11-08T12:37:14 IST">
  <testcase classname="testNGpack.LinksTesting1" name="linktesting1" time="1.185"/>
  <testcase classname="testNGpack.RadioButton1" name="radioButtonTest" time="0.271"/>
  <testcase classname="testNGpack.TNG_002" name="amazonTest" time="2.222"/>
  <testcase classname="testNGpack.CheckBox1" name="checkboxTest" time="0.279"/>
</testsuite> <!-- chromeTest -->
