<?xml version="1.0" encoding="UTF-8"?>
<!-- Generated by org.testng.reporters.JUnitXMLReporter -->
<testsuite ignored="0" hostname="DESKTOP-AU847K4" failures="0" tests="4" name="TestNGTest" time="73.08" errors="0" timestamp="2024-11-08T12:33:46 IST">
  <testcase classname="testNGpack.LinksTesting1" name="linktesting1" time="1.531"/>
  <testcase classname="testNGpack.RadioButton1" name="radioButtonTest" time="0.267"/>
  <testcase classname="testNGpack.TNG_002" name="amazonTest" time="4.282"/>
  <testcase classname="testNGpack.CheckBox1" name="checkboxTest" time="0.134"/>
</testsuite> <!-- TestNGTest -->
