<?xml version="1.0" encoding="UTF-8"?>
<testng-results ignored="0" total="3" passed="3" failed="0" skipped="0">
  <reporter-output>
  </reporter-output>
  <suite started-at="2024-12-07T12:16:25 IST" name="CucumberParallelSuite" finished-at="2024-12-07T12:16:45 IST" duration-ms="20241">
    <groups>
      <group name="cucumber">
        <method signature="AbstractTestNGCucumberTests.runScenario(io.cucumber.testng.PickleWrapper,io.cucumber.testng.FeatureWrapper)[pri:0, instance:runners.TestRunner@8462f31]" name="runScenario" class="io.cucumber.testng.AbstractTestNGCucumberTests"/>
      </group> <!-- cucumber -->
    </groups>
    <test started-at="2024-12-07T12:16:25 IST" name="Cucumber Parallel Test" finished-at="2024-12-07T12:16:45 IST" duration-ms="20241">
      <class name="runners.TestRunner">
        <test-method is-config="true" signature="setUpClass(org.testng.ITestContext)[pri:0, instance:runners.TestRunner@8462f31]" started-at="2024-12-07T12:16:25 IST" name="setUpClass" finished-at="2024-12-07T12:16:27 IST" duration-ms="1664" status="PASS">
          <params>
            <param index="0">
              <value>
                <![CDATA[org.testng.TestRunner@2787de58]]>
              </value>
            </param>
          </params>
          <reporter-output>
          </reporter-output>
        </test-method> <!-- setUpClass -->
        <test-method signature="runScenario(io.cucumber.testng.PickleWrapper,io.cucumber.testng.FeatureWrapper)[pri:0, instance:runners.TestRunner@8462f31]" started-at="2024-12-07T12:16:27 IST" name="runScenario" description="Runs Cucumber Scenarios" data-provider="scenarios" finished-at="2024-12-07T12:16:43 IST" duration-ms="16495" status="PASS">
          <params>
            <param index="0">
              <value>
                <![CDATA["User sees an error when logging in with an invalid username"]]>
              </value>
            </param>
            <param index="1">
              <value>
                <![CDATA["Login Test with Positive values and Negative username and Negative password"]]>
              </value>
            </param>
          </params>
          <reporter-output>
          </reporter-output>
        </test-method> <!-- runScenario -->
        <test-method signature="runScenario(io.cucumber.testng.PickleWrapper,io.cucumber.testng.FeatureWrapper)[pri:0, instance:runners.TestRunner@8462f31]" started-at="2024-12-07T12:16:27 IST" name="runScenario" description="Runs Cucumber Scenarios" data-provider="scenarios" finished-at="2024-12-07T12:16:43 IST" duration-ms="16541" status="PASS">
          <params>
            <param index="0">
              <value>
                <![CDATA["User sees an error when logging in with an invalid password"]]>
              </value>
            </param>
            <param index="1">
              <value>
                <![CDATA["Login Test with Positive values and Negative username and Negative password"]]>
              </value>
            </param>
          </params>
          <reporter-output>
          </reporter-output>
        </test-method> <!-- runScenario -->
        <test-method signature="runScenario(io.cucumber.testng.PickleWrapper,io.cucumber.testng.FeatureWrapper)[pri:0, instance:runners.TestRunner@8462f31]" started-at="2024-12-07T12:16:27 IST" name="runScenario" description="Runs Cucumber Scenarios" data-provider="scenarios" finished-at="2024-12-07T12:16:43 IST" duration-ms="16570" status="PASS">
          <params>
            <param index="0">
              <value>
                <![CDATA["User successfully logs in with valid credentials"]]>
              </value>
            </param>
            <param index="1">
              <value>
                <![CDATA["Login Test with Positive values and Negative username and Negative password"]]>
              </value>
            </param>
          </params>
          <reporter-output>
          </reporter-output>
        </test-method> <!-- runScenario -->
        <test-method is-config="true" signature="tearDownClass()[pri:0, instance:runners.TestRunner@8462f31]" started-at="2024-12-07T12:16:43 IST" name="tearDownClass" finished-at="2024-12-07T12:16:45 IST" duration-ms="1863" status="PASS">
          <reporter-output>
          </reporter-output>
        </test-method> <!-- tearDownClass -->
      </class> <!-- runners.TestRunner -->
    </test> <!-- Cucumber Parallel Test -->
  </suite> <!-- CucumberParallelSuite -->
</testng-results>
